<frozen site>:107: RuntimeWarning: Unexpected value in sys.prefix, expected /home/ddm/02_drone_ai/.venv, got /home/ddm/02_drone_ai/drone_backend/../.venv
<frozen site>:107: RuntimeWarning: Unexpected value in sys.exec_prefix, expected /home/ddm/02_drone_ai/.venv, got /home/ddm/02_drone_ai/drone_backend/../.venv
Watching for file changes with StatReloader
Not Found: /
[08/Jul/2026 02:07:24] "GET / HTTP/1.1" 404 5920
Not Found: /favicon.ico
[08/Jul/2026 02:07:24] "GET /favicon.ico HTTP/1.1" 404 5971
[08/Jul/2026 02:07:29] "GET /dashboard/mission/ HTTP/1.1" 200 8836
[08/Jul/2026 02:07:29] "GET /dashboard/mission/ HTTP/1.1" 200 8836
[08/Jul/2026 02:07:31] "GET /dashboard/mission/ HTTP/1.1" 200 8836
[08/Jul/2026 02:07:31] "GET /api/drone-location/ HTTP/1.1" 200 288
[08/Jul/2026 02:07:31] "GET /api/system-status/ HTTP/1.1" 200 410
[08/Jul/2026 02:07:32] "GET /api/drone-location/ HTTP/1.1" 200 288
[08/Jul/2026 02:07:33] "GET /api/start-service/?service=telemetry HTTP/1.1" 200 180
[08/Jul/2026 02:07:33] "GET /api/drone-location/ HTTP/1.1" 200 288
[08/Jul/2026 02:07:34] "GET /api/system-status/ HTTP/1.1" 200 410
[08/Jul/2026 02:07:34] "GET /api/drone-location/ HTTP/1.1" 200 288
[08/Jul/2026 02:07:34] "GET /api/system-status/ HTTP/1.1" 200 410
[08/Jul/2026 02:07:35] "GET /api/drone-location/ HTTP/1.1" 200 288
[08/Jul/2026 02:07:36] "GET /api/drone-location/ HTTP/1.1" 200 288
[08/Jul/2026 02:07:37] "GET /api/drone-location/ HTTP/1.1" 200 288
[08/Jul/2026 02:07:37] "GET /api/system-status/ HTTP/1.1" 200 410
[08/Jul/2026 02:07:38] "GET /api/drone-location/ HTTP/1.1" 200 288
[08/Jul/2026 02:07:39] "GET /api/drone-location/ HTTP/1.1" 200 288
[08/Jul/2026 02:07:40] "GET /api/drone-location/ HTTP/1.1" 200 288
[08/Jul/2026 02:07:40] "GET /api/system-status/ HTTP/1.1" 200 410
[08/Jul/2026 02:07:41] "GET /api/drone-location/ HTTP/1.1" 200 288
[08/Jul/2026 02:07:42] "GET /api/drone-location/ HTTP/1.1" 200 288
[08/Jul/2026 02:07:43] "GET /api/drone-location/ HTTP/1.1" 200 288
[08/Jul/2026 02:07:43] "GET /api/system-status/ HTTP/1.1" 200 410
[08/Jul/2026 02:07:44] "GET /api/drone-location/ HTTP/1.1" 200 288
[08/Jul/2026 02:07:45] "GET /api/drone-location/ HTTP/1.1" 200 288
[08/Jul/2026 02:07:46] "GET /api/drone-location/ HTTP/1.1" 200 288
[08/Jul/2026 02:07:46] "GET /api/system-status/ HTTP/1.1" 200 410
[08/Jul/2026 02:07:47] "GET /api/drone-location/ HTTP/1.1" 200 288
[08/Jul/2026 02:07:48] "GET /api/drone-location/ HTTP/1.1" 200 288
[08/Jul/2026 02:07:49] "GET /api/drone-location/ HTTP/1.1" 200 288
[08/Jul/2026 02:07:49] "GET /api/system-status/ HTTP/1.1" 200 410
[08/Jul/2026 02:07:50] "GET /api/drone-location/ HTTP/1.1" 200 288
[08/Jul/2026 02:07:51] "GET /api/drone-location/ HTTP/1.1" 200 288
[08/Jul/2026 02:07:52] "GET /api/drone-location/ HTTP/1.1" 200 288
[08/Jul/2026 02:07:52] "GET /api/system-status/ HTTP/1.1" 200 410
[08/Jul/2026 02:07:53] "GET /api/drone-location/ HTTP/1.1" 200 288
[08/Jul/2026 02:07:54] "GET /api/drone-location/ HTTP/1.1" 200 288
[08/Jul/2026 02:07:55] "GET /api/drone-location/ HTTP/1.1" 200 288
[08/Jul/2026 02:07:55] "GET /api/system-status/ HTTP/1.1" 200 410
[08/Jul/2026 02:07:56] "GET /api/drone-location/ HTTP/1.1" 200 288
[08/Jul/2026 02:07:57] "GET /api/drone-location/ HTTP/1.1" 200 288
[08/Jul/2026 02:07:58] "GET /api/drone-location/ HTTP/1.1" 200 288
[08/Jul/2026 02:07:58] "GET /api/system-status/ HTTP/1.1" 200 410
[08/Jul/2026 02:07:59] "GET /api/drone-location/ HTTP/1.1" 200 288
[08/Jul/2026 02:08:00] "GET /api/drone-location/ HTTP/1.1" 200 288
[08/Jul/2026 02:08:01] "GET /api/drone-location/ HTTP/1.1" 200 288
[08/Jul/2026 02:08:01] "GET /api/system-status/ HTTP/1.1" 200 410
[08/Jul/2026 02:08:02] "GET /api/drone-location/ HTTP/1.1" 200 288
[08/Jul/2026 02:08:03] "GET /api/drone-location/ HTTP/1.1" 200 288
[08/Jul/2026 02:08:04] "GET /api/drone-location/ HTTP/1.1" 200 288
[08/Jul/2026 02:08:04] "GET /api/system-status/ HTTP/1.1" 200 410
[08/Jul/2026 02:08:05] "GET /api/drone-location/ HTTP/1.1" 200 288
[08/Jul/2026 02:08:06] "GET /api/drone-location/ HTTP/1.1" 200 288
[08/Jul/2026 02:08:07] "GET /api/drone-location/ HTTP/1.1" 200 288
[08/Jul/2026 02:08:07] "GET /api/system-status/ HTTP/1.1" 200 410
[08/Jul/2026 02:08:08] "GET /api/drone-location/ HTTP/1.1" 200 288
[08/Jul/2026 02:08:09] "GET /api/drone-location/ HTTP/1.1" 200 288
[08/Jul/2026 02:08:10] "GET /api/drone-location/ HTTP/1.1" 200 288
[08/Jul/2026 02:08:10] "GET /api/system-status/ HTTP/1.1" 200 410
[08/Jul/2026 02:08:11] "GET /api/drone-location/ HTTP/1.1" 200 288
[08/Jul/2026 02:08:12] "GET /api/drone-location/ HTTP/1.1" 200 288
[08/Jul/2026 02:08:13] "GET /api/drone-location/ HTTP/1.1" 200 288
[08/Jul/2026 02:08:13] "GET /api/system-status/ HTTP/1.1" 200 410
[08/Jul/2026 02:08:14] "GET /api/drone-location/ HTTP/1.1" 200 288
[08/Jul/2026 02:08:15] "GET /api/drone-location/ HTTP/1.1" 200 288
[08/Jul/2026 02:08:16] "GET /api/drone-location/ HTTP/1.1" 200 288
[08/Jul/2026 02:08:16] "GET /api/system-status/ HTTP/1.1" 200 410
[08/Jul/2026 02:08:17] "GET /api/drone-location/ HTTP/1.1" 200 288
[08/Jul/2026 02:08:18] "GET /api/drone-location/ HTTP/1.1" 200 288
[08/Jul/2026 02:08:19] "GET /api/drone-location/ HTTP/1.1" 200 288
[08/Jul/2026 02:08:19] "GET /api/system-status/ HTTP/1.1" 200 410
[08/Jul/2026 02:08:20] "GET /api/drone-location/ HTTP/1.1" 200 288
[08/Jul/2026 02:08:21] "GET /api/drone-location/ HTTP/1.1" 200 288
[08/Jul/2026 02:08:22] "GET /api/drone-location/ HTTP/1.1" 200 288
[08/Jul/2026 02:08:22] "GET /api/system-status/ HTTP/1.1" 200 410
[08/Jul/2026 02:08:23] "GET /api/drone-location/ HTTP/1.1" 200 288
[08/Jul/2026 02:08:24] "GET /api/drone-location/ HTTP/1.1" 200 288
[08/Jul/2026 02:08:25] "GET /api/drone-location/ HTTP/1.1" 200 288
[08/Jul/2026 02:08:25] "GET /api/system-status/ HTTP/1.1" 200 410
[08/Jul/2026 02:08:26] "GET /api/drone-location/ HTTP/1.1" 200 288
[08/Jul/2026 02:08:27] "GET /api/drone-location/ HTTP/1.1" 200 288
[08/Jul/2026 02:08:28] "GET /api/drone-location/ HTTP/1.1" 200 288
[08/Jul/2026 02:08:28] "GET /api/system-status/ HTTP/1.1" 200 410
[08/Jul/2026 02:08:29] "GET /api/drone-location/ HTTP/1.1" 200 288
[08/Jul/2026 02:08:30] "GET /api/drone-location/ HTTP/1.1" 200 288
[08/Jul/2026 02:08:31] "GET /api/drone-location/ HTTP/1.1" 200 288
[08/Jul/2026 02:08:31] "GET /api/system-status/ HTTP/1.1" 200 410
[08/Jul/2026 02:08:32] "GET /api/drone-location/ HTTP/1.1" 200 288
[08/Jul/2026 02:08:33] "GET /api/drone-location/ HTTP/1.1" 200 288
[08/Jul/2026 02:08:34] "GET /api/drone-location/ HTTP/1.1" 200 288
[08/Jul/2026 02:08:34] "GET /api/system-status/ HTTP/1.1" 200 410
[08/Jul/2026 02:08:35] "GET /api/drone-location/ HTTP/1.1" 200 288
[08/Jul/2026 02:08:36] "GET /api/drone-location/ HTTP/1.1" 200 288
[08/Jul/2026 02:08:37] "GET /api/drone-location/ HTTP/1.1" 200 288
[08/Jul/2026 02:08:37] "GET /api/system-status/ HTTP/1.1" 200 410
[08/Jul/2026 02:08:38] "GET /api/drone-location/ HTTP/1.1" 200 288
[08/Jul/2026 02:08:39] "GET /api/drone-location/ HTTP/1.1" 200 288
[08/Jul/2026 02:08:40] "GET /api/drone-location/ HTTP/1.1" 200 288
[08/Jul/2026 02:08:40] "GET /api/system-status/ HTTP/1.1" 200 410
[08/Jul/2026 02:08:41] "GET /api/drone-location/ HTTP/1.1" 200 288
[08/Jul/2026 02:08:42] "GET /api/drone-location/ HTTP/1.1" 200 288
[08/Jul/2026 02:08:43] "GET /api/drone-location/ HTTP/1.1" 200 288
[08/Jul/2026 02:08:43] "GET /api/system-status/ HTTP/1.1" 200 410
[08/Jul/2026 02:08:44] "GET /api/drone-location/ HTTP/1.1" 200 288
[08/Jul/2026 02:08:45] "GET /api/drone-location/ HTTP/1.1" 200 288
[08/Jul/2026 02:08:46] "GET /api/drone-location/ HTTP/1.1" 200 288
[08/Jul/2026 02:08:46] "GET /api/system-status/ HTTP/1.1" 200 410
[08/Jul/2026 02:08:47] "GET /api/drone-location/ HTTP/1.1" 200 288
[08/Jul/2026 02:08:48] "GET /api/drone-location/ HTTP/1.1" 200 288
[08/Jul/2026 02:08:49] "GET /api/drone-location/ HTTP/1.1" 200 288
[08/Jul/2026 02:08:49] "GET /api/system-status/ HTTP/1.1" 200 410
[08/Jul/2026 02:08:50] "GET /api/drone-location/ HTTP/1.1" 200 288
[08/Jul/2026 02:08:51] "GET /api/drone-location/ HTTP/1.1" 200 288
[08/Jul/2026 02:08:52] "GET /api/drone-location/ HTTP/1.1" 200 288
[08/Jul/2026 02:08:52] "GET /api/system-status/ HTTP/1.1" 200 410
[08/Jul/2026 02:08:53] "GET /api/drone-location/ HTTP/1.1" 200 288
[08/Jul/2026 02:08:54] "GET /api/drone-location/ HTTP/1.1" 200 288
[08/Jul/2026 02:08:55] "GET /api/drone-location/ HTTP/1.1" 200 288
[08/Jul/2026 02:08:55] "GET /api/system-status/ HTTP/1.1" 200 410
[08/Jul/2026 02:08:56] "GET /api/drone-location/ HTTP/1.1" 200 288
[08/Jul/2026 02:08:57] "GET /api/drone-location/ HTTP/1.1" 200 288
[08/Jul/2026 02:08:58] "GET /api/drone-location/ HTTP/1.1" 200 288
[08/Jul/2026 02:08:58] "GET /api/system-status/ HTTP/1.1" 200 410
[08/Jul/2026 02:08:59] "GET /api/drone-location/ HTTP/1.1" 200 288
[08/Jul/2026 02:09:00] "GET /api/drone-location/ HTTP/1.1" 200 288
[08/Jul/2026 02:09:01] "GET /api/drone-location/ HTTP/1.1" 200 288
[08/Jul/2026 02:09:01] "GET /api/system-status/ HTTP/1.1" 200 410
[08/Jul/2026 02:09:02] "GET /api/drone-location/ HTTP/1.1" 200 288
[08/Jul/2026 02:09:03] "GET /api/drone-location/ HTTP/1.1" 200 288
[08/Jul/2026 02:09:04] "GET /api/drone-location/ HTTP/1.1" 200 288
[08/Jul/2026 02:09:04] "GET /api/system-status/ HTTP/1.1" 200 410
[08/Jul/2026 02:09:05] "GET /api/drone-location/ HTTP/1.1" 200 288
[08/Jul/2026 02:09:06] "GET /api/drone-location/ HTTP/1.1" 200 288
[08/Jul/2026 02:09:07] "GET /api/drone-location/ HTTP/1.1" 200 288
[08/Jul/2026 02:09:07] "GET /api/system-status/ HTTP/1.1" 200 410
[08/Jul/2026 02:09:08] "GET /api/drone-location/ HTTP/1.1" 200 288
[08/Jul/2026 02:09:09] "GET /api/drone-location/ HTTP/1.1" 200 288
[08/Jul/2026 02:09:10] "GET /api/drone-location/ HTTP/1.1" 200 288
[08/Jul/2026 02:09:10] "GET /api/system-status/ HTTP/1.1" 200 410
[08/Jul/2026 02:09:11] "GET /api/drone-location/ HTTP/1.1" 200 288
[08/Jul/2026 02:09:12] "GET /api/drone-location/ HTTP/1.1" 200 288
[08/Jul/2026 02:09:13] "GET /api/drone-location/ HTTP/1.1" 200 288
[08/Jul/2026 02:09:13] "GET /api/system-status/ HTTP/1.1" 200 410
[08/Jul/2026 02:09:14] "GET /api/drone-location/ HTTP/1.1" 200 288
[08/Jul/2026 02:09:15] "GET /api/drone-location/ HTTP/1.1" 200 288
[08/Jul/2026 02:09:16] "GET /api/drone-location/ HTTP/1.1" 200 288
[08/Jul/2026 02:09:16] "GET /api/system-status/ HTTP/1.1" 200 410
[08/Jul/2026 02:09:17] "GET /api/drone-location/ HTTP/1.1" 200 288
[08/Jul/2026 02:09:18] "GET /api/drone-location/ HTTP/1.1" 200 288
[08/Jul/2026 02:09:19] "GET /api/drone-location/ HTTP/1.1" 200 288
[08/Jul/2026 02:09:19] "GET /api/system-status/ HTTP/1.1" 200 410
[08/Jul/2026 02:09:20] "GET /api/drone-location/ HTTP/1.1" 200 288
[08/Jul/2026 02:09:21] "GET /api/drone-location/ HTTP/1.1" 200 288
[08/Jul/2026 02:09:22] "GET /api/drone-location/ HTTP/1.1" 200 288
[08/Jul/2026 02:09:22] "GET /api/system-status/ HTTP/1.1" 200 410
[08/Jul/2026 02:09:23] "GET /api/drone-location/ HTTP/1.1" 200 288
[08/Jul/2026 02:09:24] "GET /api/drone-location/ HTTP/1.1" 200 288
[08/Jul/2026 02:09:25] "GET /api/drone-location/ HTTP/1.1" 200 288
[08/Jul/2026 02:09:25] "GET /api/system-status/ HTTP/1.1" 200 410
[08/Jul/2026 02:09:26] "GET /api/drone-location/ HTTP/1.1" 200 288
[08/Jul/2026 02:09:27] "GET /api/drone-location/ HTTP/1.1" 200 288
[08/Jul/2026 02:09:28] "GET /api/drone-location/ HTTP/1.1" 200 288
[08/Jul/2026 02:09:28] "GET /api/system-status/ HTTP/1.1" 200 410
[08/Jul/2026 02:09:29] "GET /api/drone-location/ HTTP/1.1" 200 288
[08/Jul/2026 02:09:30] "GET /api/drone-location/ HTTP/1.1" 200 288
[08/Jul/2026 02:09:31] "GET /api/drone-location/ HTTP/1.1" 200 288
[08/Jul/2026 02:09:31] "GET /api/system-status/ HTTP/1.1" 200 410
[08/Jul/2026 02:09:32] "GET /api/drone-location/ HTTP/1.1" 200 288
[08/Jul/2026 02:09:33] "GET /api/drone-location/ HTTP/1.1" 200 288
[08/Jul/2026 02:09:34] "GET /api/drone-location/ HTTP/1.1" 200 288
[08/Jul/2026 02:09:34] "GET /api/system-status/ HTTP/1.1" 200 410
[08/Jul/2026 02:09:35] "GET /api/drone-location/ HTTP/1.1" 200 288
[08/Jul/2026 02:09:36] "GET /api/drone-location/ HTTP/1.1" 200 288
[08/Jul/2026 02:09:37] "GET /api/drone-location/ HTTP/1.1" 200 288
[08/Jul/2026 02:09:37] "GET /api/system-status/ HTTP/1.1" 200 410
[08/Jul/2026 02:09:38] "GET /api/drone-location/ HTTP/1.1" 200 288
[08/Jul/2026 02:09:39] "GET /api/drone-location/ HTTP/1.1" 200 288
[08/Jul/2026 02:09:40] "GET /api/drone-location/ HTTP/1.1" 200 288
[08/Jul/2026 02:09:40] "GET /api/system-status/ HTTP/1.1" 200 410
[08/Jul/2026 02:09:41] "GET /api/drone-location/ HTTP/1.1" 200 288
[08/Jul/2026 02:09:42] "GET /api/drone-location/ HTTP/1.1" 200 288
[08/Jul/2026 02:09:43] "GET /api/drone-location/ HTTP/1.1" 200 288
[08/Jul/2026 02:09:43] "GET /api/system-status/ HTTP/1.1" 200 410
[08/Jul/2026 02:09:44] "GET /api/drone-location/ HTTP/1.1" 200 288
[08/Jul/2026 02:09:45] "GET /api/drone-location/ HTTP/1.1" 200 288
[08/Jul/2026 02:09:46] "GET /api/drone-location/ HTTP/1.1" 200 288
[08/Jul/2026 02:09:46] "GET /api/system-status/ HTTP/1.1" 200 410
[08/Jul/2026 02:09:47] "GET /api/drone-location/ HTTP/1.1" 200 288
[08/Jul/2026 02:09:48] "GET /api/drone-location/ HTTP/1.1" 200 288
[08/Jul/2026 02:09:49] "GET /api/drone-location/ HTTP/1.1" 200 288
[08/Jul/2026 02:09:49] "GET /api/system-status/ HTTP/1.1" 200 410
[08/Jul/2026 02:09:50] "GET /api/drone-location/ HTTP/1.1" 200 288
[08/Jul/2026 02:09:51] "GET /api/drone-location/ HTTP/1.1" 200 288
[08/Jul/2026 02:09:52] "GET /api/drone-location/ HTTP/1.1" 200 288
[08/Jul/2026 02:09:52] "GET /api/system-status/ HTTP/1.1" 200 410
[08/Jul/2026 02:09:53] "GET /api/drone-location/ HTTP/1.1" 200 288
[08/Jul/2026 02:09:54] "GET /api/drone-location/ HTTP/1.1" 200 288
[08/Jul/2026 02:09:55] "GET /api/drone-location/ HTTP/1.1" 200 288
[08/Jul/2026 02:09:55] "GET /api/system-status/ HTTP/1.1" 200 410
[08/Jul/2026 02:09:56] "GET /api/drone-location/ HTTP/1.1" 200 288
[08/Jul/2026 02:09:57] "GET /api/drone-location/ HTTP/1.1" 200 288
[08/Jul/2026 02:09:58] "GET /api/drone-location/ HTTP/1.1" 200 288
[08/Jul/2026 02:09:58] "GET /api/system-status/ HTTP/1.1" 200 410
[08/Jul/2026 02:09:59] "GET /api/drone-location/ HTTP/1.1" 200 288
[08/Jul/2026 02:10:00] "GET /api/drone-location/ HTTP/1.1" 200 288
[08/Jul/2026 02:10:01] "GET /api/drone-location/ HTTP/1.1" 200 288
[08/Jul/2026 02:10:01] "GET /api/system-status/ HTTP/1.1" 200 410
[08/Jul/2026 02:10:02] "GET /api/drone-location/ HTTP/1.1" 200 288
[08/Jul/2026 02:10:03] "GET /api/drone-location/ HTTP/1.1" 200 288
[08/Jul/2026 02:10:04] "GET /api/drone-location/ HTTP/1.1" 200 288
[08/Jul/2026 02:10:04] "GET /api/system-status/ HTTP/1.1" 200 410
[08/Jul/2026 02:10:05] "GET /api/drone-location/ HTTP/1.1" 200 288
[08/Jul/2026 02:10:06] "GET /api/drone-location/ HTTP/1.1" 200 288
[08/Jul/2026 02:10:07] "GET /api/drone-location/ HTTP/1.1" 200 288
[08/Jul/2026 02:10:07] "GET /api/system-status/ HTTP/1.1" 200 410
[08/Jul/2026 02:10:08] "GET /api/drone-location/ HTTP/1.1" 200 288
[08/Jul/2026 02:10:09] "GET /api/drone-location/ HTTP/1.1" 200 288
[08/Jul/2026 02:10:10] "GET /dji/login/ HTTP/1.1" 200 7557
[08/Jul/2026 02:10:10] "GET /api/drone-location/ HTTP/1.1" 200 288
[08/Jul/2026 02:10:10] "GET /api/system-status/ HTTP/1.1" 200 410
Not Found: /favicon.ico
[08/Jul/2026 02:10:10] "GET /favicon.ico HTTP/1.1" 404 5975
[08/Jul/2026 02:10:11] "GET /api/drone-location/ HTTP/1.1" 200 288
[08/Jul/2026 02:10:12] "GET /api/drone-location/ HTTP/1.1" 200 288
[08/Jul/2026 02:10:13] "GET /api/drone-location/ HTTP/1.1" 200 288
[08/Jul/2026 02:10:13] "GET /api/system-status/ HTTP/1.1" 200 410
[08/Jul/2026 02:10:14] "GET /api/drone-location/ HTTP/1.1" 200 288
[08/Jul/2026 02:10:15] "GET /api/drone-location/ HTTP/1.1" 200 288
[08/Jul/2026 02:10:16] "GET /api/drone-location/ HTTP/1.1" 200 288
[08/Jul/2026 02:10:16] "GET /api/system-status/ HTTP/1.1" 200 410
[08/Jul/2026 02:10:17] "GET /api/drone-location/ HTTP/1.1" 200 288
[08/Jul/2026 02:10:18] "GET /api/drone-location/ HTTP/1.1" 200 288
[08/Jul/2026 02:10:19] "GET /api/drone-location/ HTTP/1.1" 200 288
[08/Jul/2026 02:10:19] "GET /api/system-status/ HTTP/1.1" 200 410
[08/Jul/2026 02:10:20] "GET /api/drone-location/ HTTP/1.1" 200 288
[08/Jul/2026 02:10:21] "GET /api/drone-location/ HTTP/1.1" 200 288
[08/Jul/2026 02:10:22] "GET /api/drone-location/ HTTP/1.1" 200 288
[08/Jul/2026 02:10:22] "GET /api/system-status/ HTTP/1.1" 200 410
[08/Jul/2026 02:10:23] "GET /api/drone-location/ HTTP/1.1" 200 288
[08/Jul/2026 02:10:24] "GET /api/drone-location/ HTTP/1.1" 200 288
[08/Jul/2026 02:10:25] "GET /api/drone-location/ HTTP/1.1" 200 288
[08/Jul/2026 02:10:25] "GET /api/system-status/ HTTP/1.1" 200 410
[08/Jul/2026 02:10:26] "GET /api/drone-location/ HTTP/1.1" 200 288
[08/Jul/2026 02:10:27] "GET /api/drone-location/ HTTP/1.1" 200 288
[08/Jul/2026 02:10:28] "GET /api/start-service/?service=telemetry HTTP/1.1" 200 180
[08/Jul/2026 02:10:29] "GET /api/drone-location/ HTTP/1.1" 200 288
[08/Jul/2026 02:10:29] "GET /api/system-status/ HTTP/1.1" 200 410
[08/Jul/2026 02:10:29] "GET /api/system-status/ HTTP/1.1" 200 410
[08/Jul/2026 02:10:29] "GET /api/drone-location/ HTTP/1.1" 200 288
[08/Jul/2026 02:10:30] "GET /api/start-service/?service=telemetry&action=stop HTTP/1.1" 200 151
[08/Jul/2026 02:10:31] "GET /api/system-status/ HTTP/1.1" 200 411
[08/Jul/2026 02:10:31] "GET /api/drone-location/ HTTP/1.1" 200 288
[08/Jul/2026 02:10:31] "GET /api/drone-location/ HTTP/1.1" 200 288
[08/Jul/2026 02:10:31] "GET /api/system-status/ HTTP/1.1" 200 411
[08/Jul/2026 02:10:32] "GET /api/drone-location/ HTTP/1.1" 200 288
[08/Jul/2026 02:10:32] "GET /api/start-service/?service=telemetry HTTP/1.1" 200 170
[08/Jul/2026 02:10:35] "GET /api/system-status/ HTTP/1.1" 200 410
[08/Jul/2026 02:10:35] "GET /api/drone-location/ HTTP/1.1" 200 288
[08/Jul/2026 02:10:35] "GET /api/system-status/ HTTP/1.1" 200 410
[08/Jul/2026 02:10:36] "GET /api/drone-location/ HTTP/1.1" 200 288
[08/Jul/2026 02:10:37] "GET /api/drone-location/ HTTP/1.1" 200 288
[08/Jul/2026 02:10:37] "GET /api/system-status/ HTTP/1.1" 200 410
[08/Jul/2026 02:10:38] "GET /api/drone-location/ HTTP/1.1" 200 288
[08/Jul/2026 02:10:39] "GET /api/drone-location/ HTTP/1.1" 200 288
[08/Jul/2026 02:10:40] "GET /api/drone-location/ HTTP/1.1" 200 288
[08/Jul/2026 02:10:40] "GET /api/system-status/ HTTP/1.1" 200 410
[08/Jul/2026 02:10:41] "GET /api/drone-location/ HTTP/1.1" 200 288
[08/Jul/2026 02:10:42] "GET /api/drone-location/ HTTP/1.1" 200 288
[08/Jul/2026 02:10:43] "GET /api/drone-location/ HTTP/1.1" 200 288
[08/Jul/2026 02:10:43] "GET /api/system-status/ HTTP/1.1" 200 410
[08/Jul/2026 02:10:44] "GET /api/drone-location/ HTTP/1.1" 200 288
[08/Jul/2026 02:10:45] "GET /api/drone-location/ HTTP/1.1" 200 288
[08/Jul/2026 02:10:46] "GET /api/drone-location/ HTTP/1.1" 200 288
[08/Jul/2026 02:10:46] "GET /api/system-status/ HTTP/1.1" 200 410
[08/Jul/2026 02:10:47] "GET /api/drone-location/ HTTP/1.1" 200 288
[08/Jul/2026 02:10:48] "GET /api/drone-location/ HTTP/1.1" 200 288
[08/Jul/2026 02:10:49] "GET /api/drone-location/ HTTP/1.1" 200 288
[08/Jul/2026 02:10:49] "GET /api/system-status/ HTTP/1.1" 200 410
[08/Jul/2026 02:10:50] "GET /api/drone-location/ HTTP/1.1" 200 288
[08/Jul/2026 02:10:51] "GET /api/drone-location/ HTTP/1.1" 200 288
[08/Jul/2026 02:10:52] "GET /api/drone-location/ HTTP/1.1" 200 288
[08/Jul/2026 02:10:52] "GET /api/system-status/ HTTP/1.1" 200 410
[08/Jul/2026 02:10:53] "GET /api/drone-location/ HTTP/1.1" 200 288
[08/Jul/2026 02:10:54] "GET /api/drone-location/ HTTP/1.1" 200 288
[08/Jul/2026 02:10:55] "GET /api/drone-location/ HTTP/1.1" 200 288
[08/Jul/2026 02:10:55] "GET /api/system-status/ HTTP/1.1" 200 410
[08/Jul/2026 02:10:56] "GET /api/drone-location/ HTTP/1.1" 200 288
[08/Jul/2026 02:10:57] "GET /api/drone-location/ HTTP/1.1" 200 288
[08/Jul/2026 02:10:58] "GET /api/drone-location/ HTTP/1.1" 200 288
[08/Jul/2026 02:10:58] "GET /api/system-status/ HTTP/1.1" 200 410
[08/Jul/2026 02:10:59] "GET /api/drone-location/ HTTP/1.1" 200 288
[08/Jul/2026 02:11:00] "GET /api/drone-location/ HTTP/1.1" 200 288
[08/Jul/2026 02:11:01] "GET /api/drone-location/ HTTP/1.1" 200 288
[08/Jul/2026 02:11:01] "GET /api/system-status/ HTTP/1.1" 200 410
[08/Jul/2026 02:11:02] "GET /api/drone-location/ HTTP/1.1" 200 288
[08/Jul/2026 02:11:03] "GET /api/drone-location/ HTTP/1.1" 200 288
[08/Jul/2026 02:11:04] "GET /api/drone-location/ HTTP/1.1" 200 288
[08/Jul/2026 02:11:04] "GET /api/system-status/ HTTP/1.1" 200 410
[08/Jul/2026 02:11:05] "GET /api/drone-location/ HTTP/1.1" 200 288
[08/Jul/2026 02:11:06] "GET /api/drone-location/ HTTP/1.1" 200 288
[08/Jul/2026 02:11:07] "GET /api/drone-location/ HTTP/1.1" 200 288
[08/Jul/2026 02:11:07] "GET /api/system-status/ HTTP/1.1" 200 410
[08/Jul/2026 02:11:08] "GET /api/drone-location/ HTTP/1.1" 200 288
[08/Jul/2026 02:11:09] "GET /api/drone-location/ HTTP/1.1" 200 288
[08/Jul/2026 02:11:10] "GET /api/drone-location/ HTTP/1.1" 200 288
[08/Jul/2026 02:11:10] "GET /api/system-status/ HTTP/1.1" 200 410
[08/Jul/2026 02:11:11] "GET /api/drone-location/ HTTP/1.1" 200 288
[08/Jul/2026 02:11:12] "GET /api/drone-location/ HTTP/1.1" 200 288
[08/Jul/2026 02:11:13] "GET /api/drone-location/ HTTP/1.1" 200 288
[08/Jul/2026 02:11:13] "GET /api/system-status/ HTTP/1.1" 200 410
[08/Jul/2026 02:11:14] "GET /api/drone-location/ HTTP/1.1" 200 288
[08/Jul/2026 02:11:15] "GET /api/drone-location/ HTTP/1.1" 200 288
[08/Jul/2026 02:11:16] "GET /api/drone-location/ HTTP/1.1" 200 288
[08/Jul/2026 02:11:16] "GET /api/system-status/ HTTP/1.1" 200 410
[08/Jul/2026 02:11:17] "GET /api/drone-location/ HTTP/1.1" 200 288
[08/Jul/2026 02:11:18] "GET /api/drone-location/ HTTP/1.1" 200 288
[08/Jul/2026 02:11:19] "GET /api/drone-location/ HTTP/1.1" 200 288
[08/Jul/2026 02:11:19] "GET /api/system-status/ HTTP/1.1" 200 410
[08/Jul/2026 02:11:20] "GET /api/drone-location/ HTTP/1.1" 200 288
[08/Jul/2026 02:11:21] "GET /api/drone-location/ HTTP/1.1" 200 288
[08/Jul/2026 02:11:22] "GET /api/drone-location/ HTTP/1.1" 200 288
[08/Jul/2026 02:11:22] "GET /api/system-status/ HTTP/1.1" 200 410
[08/Jul/2026 02:11:23] "GET /api/drone-location/ HTTP/1.1" 200 288
[08/Jul/2026 02:11:24] "GET /api/drone-location/ HTTP/1.1" 200 288
[08/Jul/2026 02:11:25] "GET /api/drone-location/ HTTP/1.1" 200 288
[08/Jul/2026 02:11:25] "GET /api/system-status/ HTTP/1.1" 200 410
[08/Jul/2026 02:11:26] "GET /api/drone-location/ HTTP/1.1" 200 288
[08/Jul/2026 02:11:27] "GET /api/drone-location/ HTTP/1.1" 200 288
[08/Jul/2026 02:11:28] "GET /api/drone-location/ HTTP/1.1" 200 288
[08/Jul/2026 02:11:28] "GET /api/system-status/ HTTP/1.1" 200 410
[08/Jul/2026 02:11:29] "GET /api/drone-location/ HTTP/1.1" 200 288
[08/Jul/2026 02:11:30] "GET /api/drone-location/ HTTP/1.1" 200 288
[08/Jul/2026 02:11:31] "GET /api/drone-location/ HTTP/1.1" 200 288
[08/Jul/2026 02:11:31] "GET /api/system-status/ HTTP/1.1" 200 410
[08/Jul/2026 02:11:32] "GET /api/drone-location/ HTTP/1.1" 200 288
[08/Jul/2026 02:11:33] "GET /api/drone-location/ HTTP/1.1" 200 288
[08/Jul/2026 02:11:34] "GET /api/drone-location/ HTTP/1.1" 200 288
[08/Jul/2026 02:11:34] "GET /api/system-status/ HTTP/1.1" 200 410
[08/Jul/2026 02:11:35] "GET /api/drone-location/ HTTP/1.1" 200 288
[08/Jul/2026 02:11:36] "GET /api/drone-location/ HTTP/1.1" 200 288
[08/Jul/2026 02:11:37] "GET /api/drone-location/ HTTP/1.1" 200 288
[08/Jul/2026 02:11:37] "GET /api/system-status/ HTTP/1.1" 200 410
[08/Jul/2026 02:11:38] "GET /api/drone-location/ HTTP/1.1" 200 288
[08/Jul/2026 02:11:39] "GET /api/drone-location/ HTTP/1.1" 200 288
[08/Jul/2026 02:11:40] "GET /api/drone-location/ HTTP/1.1" 200 288
[08/Jul/2026 02:11:40] "GET /api/system-status/ HTTP/1.1" 200 410
[08/Jul/2026 02:11:41] "GET /api/drone-location/ HTTP/1.1" 200 288
[08/Jul/2026 02:11:42] "GET /api/drone-location/ HTTP/1.1" 200 288
[08/Jul/2026 02:11:43] "GET /api/drone-location/ HTTP/1.1" 200 288
[08/Jul/2026 02:11:43] "GET /api/system-status/ HTTP/1.1" 200 410
[08/Jul/2026 02:11:44] "GET /api/drone-location/ HTTP/1.1" 200 288
[08/Jul/2026 02:11:45] "GET /api/drone-location/ HTTP/1.1" 200 288
[08/Jul/2026 02:11:46] "GET /api/drone-location/ HTTP/1.1" 200 288
[08/Jul/2026 02:11:46] "GET /api/system-status/ HTTP/1.1" 200 410
[08/Jul/2026 02:11:47] "GET /api/drone-location/ HTTP/1.1" 200 288
[08/Jul/2026 02:11:48] "GET /api/drone-location/ HTTP/1.1" 200 288
[08/Jul/2026 02:11:49] "GET /api/drone-location/ HTTP/1.1" 200 288
[08/Jul/2026 02:11:49] "GET /api/system-status/ HTTP/1.1" 200 410
[08/Jul/2026 02:11:50] "GET /api/drone-location/ HTTP/1.1" 200 288
[08/Jul/2026 02:11:51] "GET /api/drone-location/ HTTP/1.1" 200 288
[08/Jul/2026 02:11:52] "GET /api/drone-location/ HTTP/1.1" 200 288
[08/Jul/2026 02:11:52] "GET /api/system-status/ HTTP/1.1" 200 410
[08/Jul/2026 02:11:53] "GET /api/drone-location/ HTTP/1.1" 200 288
[08/Jul/2026 02:11:54] "GET /api/drone-location/ HTTP/1.1" 200 288
[08/Jul/2026 02:11:55] "GET /api/drone-location/ HTTP/1.1" 200 288
[08/Jul/2026 02:11:55] "GET /api/system-status/ HTTP/1.1" 200 410
[08/Jul/2026 02:11:56] "GET /api/drone-location/ HTTP/1.1" 200 288
[08/Jul/2026 02:11:57] "GET /api/drone-location/ HTTP/1.1" 200 288
[08/Jul/2026 02:11:57] "GET /dji/login/ HTTP/1.1" 200 7557
Not Found: /favicon.ico
[08/Jul/2026 02:11:57] "GET /favicon.ico HTTP/1.1" 404 5975
[08/Jul/2026 02:11:58] "GET /api/drone-location/ HTTP/1.1" 200 288
[08/Jul/2026 02:11:58] "GET /api/system-status/ HTTP/1.1" 200 410
[08/Jul/2026 02:11:59] "GET /api/drone-location/ HTTP/1.1" 200 288
[08/Jul/2026 02:12:00] "GET /api/drone-location/ HTTP/1.1" 200 288
[08/Jul/2026 02:12:01] "GET /api/drone-location/ HTTP/1.1" 200 288
[08/Jul/2026 02:12:01] "GET /api/system-status/ HTTP/1.1" 200 410
[08/Jul/2026 02:12:02] "GET /api/drone-location/ HTTP/1.1" 200 239
[08/Jul/2026 02:12:03] "GET /api/drone-location/ HTTP/1.1" 200 239
[08/Jul/2026 02:12:04] "GET /api/drone-location/ HTTP/1.1" 200 239
[08/Jul/2026 02:12:04] "GET /api/system-status/ HTTP/1.1" 200 409
[08/Jul/2026 02:12:05] "GET /api/drone-location/ HTTP/1.1" 200 228
[08/Jul/2026 02:12:06] "GET /api/drone-location/ HTTP/1.1" 200 243
[08/Jul/2026 02:12:07] "GET /api/drone-location/ HTTP/1.1" 200 228
[08/Jul/2026 02:12:07] "GET /api/system-status/ HTTP/1.1" 200 409
[08/Jul/2026 02:12:08] "GET /api/drone-location/ HTTP/1.1" 200 243
[08/Jul/2026 02:12:09] "GET /api/drone-location/ HTTP/1.1" 200 228
[08/Jul/2026 02:12:10] "GET /api/drone-location/ HTTP/1.1" 200 242
[08/Jul/2026 02:12:10] "GET /api/system-status/ HTTP/1.1" 200 409
[08/Jul/2026 02:12:11] "GET /api/drone-location/ HTTP/1.1" 200 228
[08/Jul/2026 02:12:12] "GET /api/drone-location/ HTTP/1.1" 200 242
[08/Jul/2026 02:12:13] "GET /api/drone-location/ HTTP/1.1" 200 228
[08/Jul/2026 02:12:13] "GET /api/system-status/ HTTP/1.1" 200 410
[08/Jul/2026 02:12:14] "GET /api/drone-location/ HTTP/1.1" 200 242
[08/Jul/2026 02:12:15] "GET /api/drone-location/ HTTP/1.1" 200 228
[08/Jul/2026 02:12:16] "GET /api/drone-location/ HTTP/1.1" 200 242
[08/Jul/2026 02:12:16] "GET /api/system-status/ HTTP/1.1" 200 410
[08/Jul/2026 02:12:17] "GET /api/drone-location/ HTTP/1.1" 200 228
[08/Jul/2026 02:12:18] "GET /api/drone-location/ HTTP/1.1" 200 242
[08/Jul/2026 02:12:19] "GET /api/drone-location/ HTTP/1.1" 200 228
[08/Jul/2026 02:12:19] "GET /api/system-status/ HTTP/1.1" 200 410
[08/Jul/2026 02:12:20] "GET /api/drone-location/ HTTP/1.1" 200 242
[08/Jul/2026 02:12:21] "GET /api/drone-location/ HTTP/1.1" 200 228
[08/Jul/2026 02:12:22] "GET /api/drone-location/ HTTP/1.1" 200 242
[08/Jul/2026 02:12:22] "GET /api/system-status/ HTTP/1.1" 200 410
[08/Jul/2026 02:12:23] "GET /api/drone-location/ HTTP/1.1" 200 228
[08/Jul/2026 02:12:24] "GET /api/drone-location/ HTTP/1.1" 200 243
[08/Jul/2026 02:12:25] "GET /api/drone-location/ HTTP/1.1" 200 228
[08/Jul/2026 02:12:25] "GET /api/system-status/ HTTP/1.1" 200 410
[08/Jul/2026 02:12:26] "GET /api/drone-location/ HTTP/1.1" 200 242
[08/Jul/2026 02:12:27] "GET /api/drone-location/ HTTP/1.1" 200 228
[08/Jul/2026 02:12:28] "GET /api/drone-location/ HTTP/1.1" 200 242
[08/Jul/2026 02:12:28] "GET /api/system-status/ HTTP/1.1" 200 410
[08/Jul/2026 02:12:29] "GET /api/drone-location/ HTTP/1.1" 200 228
[08/Jul/2026 02:12:30] "GET /api/drone-location/ HTTP/1.1" 200 243
[08/Jul/2026 02:12:31] "GET /api/drone-location/ HTTP/1.1" 200 228
[08/Jul/2026 02:12:31] "GET /api/system-status/ HTTP/1.1" 200 410
[08/Jul/2026 02:12:32] "GET /api/drone-location/ HTTP/1.1" 200 242
[08/Jul/2026 02:12:33] "GET /api/drone-location/ HTTP/1.1" 200 228
[08/Jul/2026 02:12:34] "GET /api/drone-location/ HTTP/1.1" 200 243
[08/Jul/2026 02:12:34] "GET /api/system-status/ HTTP/1.1" 200 410
[08/Jul/2026 02:12:35] "GET /api/drone-location/ HTTP/1.1" 200 228
[08/Jul/2026 02:12:36] "GET /api/drone-location/ HTTP/1.1" 200 242
[08/Jul/2026 02:12:37] "GET /api/drone-location/ HTTP/1.1" 200 228
[08/Jul/2026 02:12:37] "GET /api/system-status/ HTTP/1.1" 200 410
[08/Jul/2026 02:12:38] "GET /api/drone-location/ HTTP/1.1" 200 241
[08/Jul/2026 02:12:39] "GET /api/drone-location/ HTTP/1.1" 200 228
[08/Jul/2026 02:12:40] "GET /api/drone-location/ HTTP/1.1" 200 242
[08/Jul/2026 02:12:40] "GET /api/system-status/ HTTP/1.1" 200 410
[08/Jul/2026 02:12:41] "GET /api/drone-location/ HTTP/1.1" 200 228
[08/Jul/2026 02:12:42] "GET /api/drone-location/ HTTP/1.1" 200 242
[08/Jul/2026 02:12:43] "GET /api/drone-location/ HTTP/1.1" 200 228
[08/Jul/2026 02:12:43] "GET /api/system-status/ HTTP/1.1" 200 410
[08/Jul/2026 02:12:44] "GET /api/drone-location/ HTTP/1.1" 200 242
[08/Jul/2026 02:12:45] "GET /api/drone-location/ HTTP/1.1" 200 228
[08/Jul/2026 02:12:46] "GET /api/drone-location/ HTTP/1.1" 200 242
[08/Jul/2026 02:12:46] "GET /api/system-status/ HTTP/1.1" 200 410
[08/Jul/2026 02:12:47] "GET /api/drone-location/ HTTP/1.1" 200 228
[08/Jul/2026 02:12:48] "GET /api/drone-location/ HTTP/1.1" 200 241
[08/Jul/2026 02:12:49] "GET /api/drone-location/ HTTP/1.1" 200 228
[08/Jul/2026 02:12:49] "GET /api/system-status/ HTTP/1.1" 200 410
[08/Jul/2026 02:12:50] "GET /api/drone-location/ HTTP/1.1" 200 241
[08/Jul/2026 02:12:51] "GET /api/drone-location/ HTTP/1.1" 200 228
[08/Jul/2026 02:12:52] "GET /api/drone-location/ HTTP/1.1" 200 241
[08/Jul/2026 02:12:52] "GET /api/system-status/ HTTP/1.1" 200 410
[08/Jul/2026 02:12:53] "GET /api/drone-location/ HTTP/1.1" 200 228
[08/Jul/2026 02:12:54] "GET /api/drone-location/ HTTP/1.1" 200 242
[08/Jul/2026 02:12:55] "GET /api/drone-location/ HTTP/1.1" 200 228
[08/Jul/2026 02:12:55] "GET /api/system-status/ HTTP/1.1" 200 410
[08/Jul/2026 02:12:56] "GET /api/drone-location/ HTTP/1.1" 200 242
[08/Jul/2026 02:12:57] "GET /api/drone-location/ HTTP/1.1" 200 228
[08/Jul/2026 02:12:58] "GET /api/drone-location/ HTTP/1.1" 200 242
[08/Jul/2026 02:12:58] "GET /api/system-status/ HTTP/1.1" 200 410
[08/Jul/2026 02:12:59] "GET /api/drone-location/ HTTP/1.1" 200 228
[08/Jul/2026 02:13:00] "GET /api/drone-location/ HTTP/1.1" 200 242
[08/Jul/2026 02:13:01] "GET /api/drone-location/ HTTP/1.1" 200 228
[08/Jul/2026 02:13:01] "GET /api/system-status/ HTTP/1.1" 200 410
[08/Jul/2026 02:13:02] "GET /api/drone-location/ HTTP/1.1" 200 242
[08/Jul/2026 02:13:03] "GET /api/drone-location/ HTTP/1.1" 200 228
[08/Jul/2026 02:13:04] "GET /api/drone-location/ HTTP/1.1" 200 241
[08/Jul/2026 02:13:04] "GET /api/system-status/ HTTP/1.1" 200 410
[08/Jul/2026 02:13:05] "GET /api/drone-location/ HTTP/1.1" 200 228
[08/Jul/2026 02:13:06] "GET /api/drone-location/ HTTP/1.1" 200 241
[08/Jul/2026 02:13:07] "GET /api/drone-location/ HTTP/1.1" 200 228
[08/Jul/2026 02:13:07] "GET /api/system-status/ HTTP/1.1" 200 410
[08/Jul/2026 02:13:08] "GET /api/drone-location/ HTTP/1.1" 200 242
[08/Jul/2026 02:13:09] "GET /api/drone-location/ HTTP/1.1" 200 228
[08/Jul/2026 02:13:10] "GET /api/drone-location/ HTTP/1.1" 200 241
[08/Jul/2026 02:13:10] "GET /api/system-status/ HTTP/1.1" 200 410
[08/Jul/2026 02:13:11] "GET /api/drone-location/ HTTP/1.1" 200 228
[08/Jul/2026 02:13:12] "GET /api/drone-location/ HTTP/1.1" 200 242
[08/Jul/2026 02:13:13] "GET /api/drone-location/ HTTP/1.1" 200 228
[08/Jul/2026 02:13:13] "GET /api/system-status/ HTTP/1.1" 200 410
[08/Jul/2026 02:13:14] "GET /api/drone-location/ HTTP/1.1" 200 243
[08/Jul/2026 02:13:15] "GET /api/drone-location/ HTTP/1.1" 200 228
[08/Jul/2026 02:13:16] "GET /api/drone-location/ HTTP/1.1" 200 241
[08/Jul/2026 02:13:16] "GET /api/system-status/ HTTP/1.1" 200 410
[08/Jul/2026 02:13:17] "GET /api/drone-location/ HTTP/1.1" 200 228
[08/Jul/2026 02:13:18] "GET /api/drone-location/ HTTP/1.1" 200 241
[08/Jul/2026 02:13:19] "GET /api/drone-location/ HTTP/1.1" 200 228
[08/Jul/2026 02:13:19] "GET /api/system-status/ HTTP/1.1" 200 410
[08/Jul/2026 02:13:20] "GET /api/drone-location/ HTTP/1.1" 200 243
[08/Jul/2026 02:13:21] "GET /api/drone-location/ HTTP/1.1" 200 228
[08/Jul/2026 02:13:22] "GET /api/drone-location/ HTTP/1.1" 200 243
[08/Jul/2026 02:13:22] "GET /api/system-status/ HTTP/1.1" 200 410
[08/Jul/2026 02:13:23] "GET /api/drone-location/ HTTP/1.1" 200 228
[08/Jul/2026 02:13:24] "GET /api/drone-location/ HTTP/1.1" 200 243
[08/Jul/2026 02:13:25] "GET /api/drone-location/ HTTP/1.1" 200 228
[08/Jul/2026 02:13:25] "GET /api/system-status/ HTTP/1.1" 200 410
[08/Jul/2026 02:13:26] "GET /api/drone-location/ HTTP/1.1" 200 242
[08/Jul/2026 02:13:27] "GET /api/drone-location/ HTTP/1.1" 200 228
[08/Jul/2026 02:13:28] "GET /api/drone-location/ HTTP/1.1" 200 242
[08/Jul/2026 02:13:28] "GET /api/system-status/ HTTP/1.1" 200 410
[08/Jul/2026 02:13:29] "GET /api/drone-location/ HTTP/1.1" 200 228
[08/Jul/2026 02:13:30] "GET /api/drone-location/ HTTP/1.1" 200 243
[08/Jul/2026 02:13:31] "GET /api/drone-location/ HTTP/1.1" 200 228
[08/Jul/2026 02:13:31] "GET /api/system-status/ HTTP/1.1" 200 410
[08/Jul/2026 02:13:32] "GET /api/drone-location/ HTTP/1.1" 200 243
[08/Jul/2026 02:13:33] "GET /api/drone-location/ HTTP/1.1" 200 228
[08/Jul/2026 02:13:34] "GET /api/drone-location/ HTTP/1.1" 200 242
[08/Jul/2026 02:13:34] "GET /api/system-status/ HTTP/1.1" 200 410
[08/Jul/2026 02:13:35] "GET /api/drone-location/ HTTP/1.1" 200 228
[08/Jul/2026 02:13:36] "GET /api/drone-location/ HTTP/1.1" 200 243
[08/Jul/2026 02:13:37] "GET /api/drone-location/ HTTP/1.1" 200 228
[08/Jul/2026 02:13:37] "GET /api/system-status/ HTTP/1.1" 200 410
[08/Jul/2026 02:13:38] "GET /api/drone-location/ HTTP/1.1" 200 242
[08/Jul/2026 02:13:39] "GET /api/drone-location/ HTTP/1.1" 200 228
[08/Jul/2026 02:13:40] "GET /dashboard/heatmap/ HTTP/1.1" 200 2492
[08/Jul/2026 02:13:40] "GET /api/heatmap-data/ HTTP/1.1" 200 78
[08/Jul/2026 02:13:42] "GET /api/heatmap-data/ HTTP/1.1" 200 78
[08/Jul/2026 02:13:44] "GET /api/heatmap-data/ HTTP/1.1" 200 78
[08/Jul/2026 02:13:44] "GET /dashboard/logs/ HTTP/1.1" 200 2982
/home/ddm/02_drone_ai/drone_backend/app_core/views.py changed, reloading.
Performing system checks...

System check identified no issues (0 silenced).
July 08, 2026 - 02:07:21
Django version 6.0.6, using settings 'drone_system.settings'
Starting development server at http://0.0.0.0:8008/
Quit the server with CONTROL-C.

WARNING: This is a development server. Do not use it in a production setting. Use a production WSGI or ASGI server instead.
For more information on production servers see: https://docs.djangoproject.com/en/6.0/howto/deployment/
Watching for file changes with StatReloader
[08/Jul/2026 02:14:26] "POST /api/detection-logs/delete-all/ HTTP/1.1" 200 26
[08/Jul/2026 02:14:33] "GET /dashboard/logs/ HTTP/1.1" 200 4266
[08/Jul/2026 02:14:36] "GET /dashboard/mission/ HTTP/1.1" 200 8836
[08/Jul/2026 02:14:36] "GET /api/drone-location/ HTTP/1.1" 200 242
[08/Jul/2026 02:14:36] "GET /api/system-status/ HTTP/1.1" 200 411
[08/Jul/2026 02:14:37] "GET /api/drone-location/ HTTP/1.1" 200 228
[08/Jul/2026 02:14:38] "GET /api/drone-location/ HTTP/1.1" 200 242
[08/Jul/2026 02:14:39] "GET /api/drone-location/ HTTP/1.1" 200 228
[08/Jul/2026 02:14:39] "GET /api/system-status/ HTTP/1.1" 200 411
[08/Jul/2026 02:14:40] "GET /api/drone-location/ HTTP/1.1" 200 242
[08/Jul/2026 02:14:40] "GET /dashboard/mission/ HTTP/1.1" 200 8836
[08/Jul/2026 02:14:40] "GET /api/drone-location/ HTTP/1.1" 200 242
[08/Jul/2026 02:14:40] "GET /api/system-status/ HTTP/1.1" 200 411
[08/Jul/2026 02:14:41] "GET /api/drone-location/ HTTP/1.1" 200 242
[08/Jul/2026 02:14:42] "GET /api/drone-location/ HTTP/1.1" 200 242
[08/Jul/2026 02:14:43] "GET /api/start-service/?service=ai HTTP/1.1" 200 177
[08/Jul/2026 02:14:44] "GET /api/system-status/ HTTP/1.1" 200 411
[08/Jul/2026 02:14:44] "GET /api/drone-location/ HTTP/1.1" 200 243
[08/Jul/2026 02:14:44] "GET /api/system-status/ HTTP/1.1" 200 411
[08/Jul/2026 02:14:44] "GET /api/drone-location/ HTTP/1.1" 200 243
[08/Jul/2026 02:14:45] "GET /api/start-service/?service=ai&action=stop HTTP/1.1" 200 148
[08/Jul/2026 02:14:46] "GET /api/drone-location/ HTTP/1.1" 200 242
[08/Jul/2026 02:14:46] "GET /api/system-status/ HTTP/1.1" 200 412
[08/Jul/2026 02:14:46] "GET /api/drone-location/ HTTP/1.1" 200 242
[08/Jul/2026 02:14:46] "GET /api/system-status/ HTTP/1.1" 200 412
[08/Jul/2026 02:14:47] "GET /dashboard/heatmap/ HTTP/1.1" 200 2492
[08/Jul/2026 02:14:47] "GET /api/heatmap-data/ HTTP/1.1" 200 14
[08/Jul/2026 02:14:49] "GET /api/heatmap-data/ HTTP/1.1" 200 14
[08/Jul/2026 02:14:50] "GET /dashboard/logs/ HTTP/1.1" 200 4266
[08/Jul/2026 02:14:53] "GET /dashboard/mission/ HTTP/1.1" 200 8836
[08/Jul/2026 02:14:53] "GET /api/system-status/ HTTP/1.1" 200 412
[08/Jul/2026 02:14:53] "GET /api/drone-location/ HTTP/1.1" 200 241
[08/Jul/2026 02:14:54] "GET /api/drone-location/ HTTP/1.1" 200 241
[08/Jul/2026 02:14:55] "GET /api/drone-location/ HTTP/1.1" 200 241
[08/Jul/2026 02:14:56] "GET /api/drone-location/ HTTP/1.1" 200 243
[08/Jul/2026 02:14:56] "GET /api/system-status/ HTTP/1.1" 200 412
[08/Jul/2026 02:14:57] "GET /api/drone-location/ HTTP/1.1" 200 243
[08/Jul/2026 02:14:58] "GET /api/drone-location/ HTTP/1.1" 200 242
[08/Jul/2026 02:14:59] "GET /api/drone-location/ HTTP/1.1" 200 242
[08/Jul/2026 02:14:59] "GET /api/system-status/ HTTP/1.1" 200 412
[08/Jul/2026 02:15:00] "GET /api/drone-location/ HTTP/1.1" 200 243
[08/Jul/2026 02:15:01] "GET /api/drone-location/ HTTP/1.1" 200 243
[08/Jul/2026 02:15:02] "GET /api/drone-location/ HTTP/1.1" 200 243
[08/Jul/2026 02:15:02] "GET /api/system-status/ HTTP/1.1" 200 412
[08/Jul/2026 02:15:03] "GET /api/drone-location/ HTTP/1.1" 200 243
[08/Jul/2026 02:15:04] "GET /api/drone-location/ HTTP/1.1" 200 242
[08/Jul/2026 02:15:05] "GET /api/drone-location/ HTTP/1.1" 200 242
[08/Jul/2026 02:15:05] "GET /api/system-status/ HTTP/1.1" 200 412
[08/Jul/2026 02:15:06] "GET /api/drone-location/ HTTP/1.1" 200 242
[08/Jul/2026 02:15:07] "GET /api/drone-location/ HTTP/1.1" 200 242
[08/Jul/2026 02:15:08] "GET /api/drone-location/ HTTP/1.1" 200 242
[08/Jul/2026 02:15:08] "GET /api/system-status/ HTTP/1.1" 200 412
[08/Jul/2026 02:15:09] "GET /api/drone-location/ HTTP/1.1" 200 242
[08/Jul/2026 02:15:10] "GET /api/drone-location/ HTTP/1.1" 200 242
[08/Jul/2026 02:15:11] "GET /api/drone-location/ HTTP/1.1" 200 242
[08/Jul/2026 02:15:11] "GET /api/system-status/ HTTP/1.1" 200 412
[08/Jul/2026 02:15:12] "GET /api/drone-location/ HTTP/1.1" 200 243
[08/Jul/2026 02:15:13] "GET /api/drone-location/ HTTP/1.1" 200 243
[08/Jul/2026 02:15:13] "GET /dashboard/logs/ HTTP/1.1" 200 4266
[08/Jul/2026 02:15:16] "GET /dashboard/mission/ HTTP/1.1" 200 8836
[08/Jul/2026 02:15:16] "GET /api/drone-location/ HTTP/1.1" 200 242
[08/Jul/2026 02:15:16] "GET /api/system-status/ HTTP/1.1" 200 412
[08/Jul/2026 02:15:17] "GET /api/drone-location/ HTTP/1.1" 200 228
[08/Jul/2026 02:15:18] "GET /api/drone-location/ HTTP/1.1" 200 242
[08/Jul/2026 02:15:19] "GET /api/drone-location/ HTTP/1.1" 200 228
[08/Jul/2026 02:15:19] "GET /api/system-status/ HTTP/1.1" 200 412
[08/Jul/2026 02:15:20] "GET /api/drone-location/ HTTP/1.1" 200 242
[08/Jul/2026 02:15:21] "GET /api/drone-location/ HTTP/1.1" 200 228
[08/Jul/2026 02:15:22] "GET /api/drone-location/ HTTP/1.1" 200 241
[08/Jul/2026 02:15:22] "GET /api/system-status/ HTTP/1.1" 200 412
[08/Jul/2026 02:15:23] "GET /api/drone-location/ HTTP/1.1" 200 228
[08/Jul/2026 02:15:24] "GET /api/drone-location/ HTTP/1.1" 200 243
[08/Jul/2026 02:15:25] "GET /api/drone-location/ HTTP/1.1" 200 228
[08/Jul/2026 02:15:25] "GET /api/system-status/ HTTP/1.1" 200 412
[08/Jul/2026 02:15:26] "GET /api/drone-location/ HTTP/1.1" 200 241
[08/Jul/2026 02:15:27] "GET /api/drone-location/ HTTP/1.1" 200 228
[08/Jul/2026 02:15:28] "GET /api/drone-location/ HTTP/1.1" 200 243
[08/Jul/2026 02:15:28] "GET /api/system-status/ HTTP/1.1" 200 412
[08/Jul/2026 02:15:29] "GET /api/drone-location/ HTTP/1.1" 200 228
[08/Jul/2026 02:15:30] "GET /api/drone-location/ HTTP/1.1" 200 241
[08/Jul/2026 02:15:31] "GET /api/drone-location/ HTTP/1.1" 200 228
[08/Jul/2026 02:15:31] "GET /api/system-status/ HTTP/1.1" 200 412
[08/Jul/2026 02:15:32] "GET /api/drone-location/ HTTP/1.1" 200 242
[08/Jul/2026 02:15:33] "GET /api/drone-location/ HTTP/1.1" 200 228
[08/Jul/2026 02:15:34] "GET /api/drone-location/ HTTP/1.1" 200 241
[08/Jul/2026 02:15:34] "GET /api/system-status/ HTTP/1.1" 200 412
[08/Jul/2026 02:15:35] "GET /api/drone-location/ HTTP/1.1" 200 228
[08/Jul/2026 02:15:36] "GET /api/drone-location/ HTTP/1.1" 200 242
[08/Jul/2026 02:15:37] "GET /api/drone-location/ HTTP/1.1" 200 228
[08/Jul/2026 02:15:37] "GET /api/system-status/ HTTP/1.1" 200 412
[08/Jul/2026 02:15:38] "GET /api/drone-location/ HTTP/1.1" 200 242
[08/Jul/2026 02:15:39] "GET /api/drone-location/ HTTP/1.1" 200 228
[08/Jul/2026 02:15:40] "GET /api/drone-location/ HTTP/1.1" 200 243
[08/Jul/2026 02:15:40] "GET /api/system-status/ HTTP/1.1" 200 412
[08/Jul/2026 02:15:41] "GET /api/drone-location/ HTTP/1.1" 200 228
[08/Jul/2026 02:15:42] "GET /api/drone-location/ HTTP/1.1" 200 242
[08/Jul/2026 02:15:43] "GET /api/drone-location/ HTTP/1.1" 200 228
[08/Jul/2026 02:15:43] "GET /api/system-status/ HTTP/1.1" 200 412
[08/Jul/2026 02:15:44] "GET /api/drone-location/ HTTP/1.1" 200 241
[08/Jul/2026 02:15:45] "GET /api/drone-location/ HTTP/1.1" 200 228
[08/Jul/2026 02:15:46] "GET /api/drone-location/ HTTP/1.1" 200 242
[08/Jul/2026 02:15:46] "GET /api/system-status/ HTTP/1.1" 200 412
[08/Jul/2026 02:15:47] "GET /api/drone-location/ HTTP/1.1" 200 228
[08/Jul/2026 02:15:48] "GET /api/drone-location/ HTTP/1.1" 200 243
[08/Jul/2026 02:15:49] "GET /api/drone-location/ HTTP/1.1" 200 228
[08/Jul/2026 02:15:49] "GET /api/system-status/ HTTP/1.1" 200 412
[08/Jul/2026 02:15:50] "GET /api/drone-location/ HTTP/1.1" 200 242
